<?xml version="1.0" encoding="UTF-8"?>
<!-- Generated by org.testng.reporters.JUnitReportReporter -->
<testsuite hostname="DESKTOP-BNA31C7" failures="0" tests="2" name="tests.LoginPageTest" time="30.876" errors="0" timestamp="2024-10-07T17:14:10 IST" skipped="0">
  <testcase classname="tests.LoginPageTest" name="testLogin" time="12.798"/>
  <testcase classname="tests.LoginPageTest" name="testLogin" time="18.078"/>
</testsuite> <!-- tests.LoginPageTest -->
